<?xml version="1.0" encoding="UTF-8"?>
<!-- Generated by org.testng.reporters.JUnitXMLReporter -->
<testsuite ignored="0" hostname="sai" failures="0" tests="4" name="Default test" time="30.196" errors="0" timestamp="2024-11-08T13:08:21 IST">
  <testcase classname="testNG.DataProviderTest" name="loginTest" time="7.17"/>
  <testcase classname="testNG.DataProviderTest" name="loginTest" time="5.828"/>
  <testcase classname="testNG.DataProviderTest" name="loginTest" time="5.886"/>
  <testcase classname="testNG.DataProviderTest" name="loginTest" time="11.269"/>
</testsuite> <!-- Default test -->
