<?xml version="1.0" encoding="UTF-8"?>
<!-- Generated by org.testng.reporters.JUnitXMLReporter -->
<testsuite ignored="7" hostname="sai" failures="0" tests="2" name="Test" time="0.114" errors="0" timestamp="2024-11-06T12:31:28 IST">
  <testcase classname="GroupExecution.Test1" name="demo1" time="0.022"/>
  <testcase classname="GroupExecution.Test1" name="demo3" time="0.003"/>
  <testcase classname="GroupExecution.Test3" name="demo1" time="0.0">
    <ignored/>
  </testcase> <!-- demo1 -->
  <testcase classname="GroupExecution.Test2" name="demo2" time="0.0">
    <ignored/>
  </testcase> <!-- demo2 -->
  <testcase classname="GroupExecution.Test3" name="demo2" time="0.0">
    <ignored/>
  </testcase> <!-- demo2 -->
  <testcase classname="GroupExecution.Test1" name="demo2" time="0.0">
    <ignored/>
  </testcase> <!-- demo2 -->
  <testcase classname="GroupExecution.Test2" name="demo1" time="0.0">
    <ignored/>
  </testcase> <!-- demo1 -->
  <testcase classname="GroupExecution.Test3" name="demo3" time="0.0">
    <ignored/>
  </testcase> <!-- demo3 -->
  <testcase classname="GroupExecution.Test2" name="demo3" time="0.0">
    <ignored/>
  </testcase> <!-- demo3 -->
</testsuite> <!-- Test -->
