<?xml version="1.0" encoding="UTF-8"?>
<testng-results ignored="0" total="4" passed="4" failed="0" skipped="0">
  <reporter-output>
  </reporter-output>
  <suite started-at="2024-11-08T13:07:51 IST" name="Default suite" finished-at="2024-11-08T13:08:21 IST" duration-ms="30196">
    <groups>
    </groups>
    <test started-at="2024-11-08T13:07:51 IST" name="Default test" finished-at="2024-11-08T13:08:21 IST" duration-ms="30196">
      <class name="testNG.DataProviderTest">
        <test-method signature="loginTest(java.lang.String,java.lang.String)[pri:0, instance:testNG.DataProviderTest@4310d43]" started-at="2024-11-08T13:07:51 IST" name="loginTest" data-provider="loginData" finished-at="2024-11-08T13:07:58 IST" duration-ms="7170" status="PASS">
          <params>
            <param index="0">
              <value>
                <![CDATA[standard_user]]>
              </value>
            </param>
            <param index="1">
              <value>
                <![CDATA[secret_sauce]]>
              </value>
            </param>
          </params>
          <reporter-output>
          </reporter-output>
        </test-method> <!-- loginTest -->
        <test-method signature="loginTest(java.lang.String,java.lang.String)[pri:0, instance:testNG.DataProviderTest@4310d43]" started-at="2024-11-08T13:07:58 IST" name="loginTest" data-provider="loginData" finished-at="2024-11-08T13:08:04 IST" duration-ms="5828" status="PASS">
          <params>
            <param index="0">
              <value>
                <![CDATA[locked_out_user]]>
              </value>
            </param>
            <param index="1">
              <value>
                <![CDATA[secret_sauce]]>
              </value>
            </param>
          </params>
          <reporter-output>
          </reporter-output>
        </test-method> <!-- loginTest -->
        <test-method signature="loginTest(java.lang.String,java.lang.String)[pri:0, instance:testNG.DataProviderTest@4310d43]" started-at="2024-11-08T13:08:04 IST" name="loginTest" data-provider="loginData" finished-at="2024-11-08T13:08:10 IST" duration-ms="5886" status="PASS">
          <params>
            <param index="0">
              <value>
                <![CDATA[problem_user]]>
              </value>
            </param>
            <param index="1">
              <value>
                <![CDATA[sauce_demo]]>
              </value>
            </param>
          </params>
          <reporter-output>
          </reporter-output>
        </test-method> <!-- loginTest -->
        <test-method signature="loginTest(java.lang.String,java.lang.String)[pri:0, instance:testNG.DataProviderTest@4310d43]" started-at="2024-11-08T13:08:10 IST" name="loginTest" data-provider="loginData" finished-at="2024-11-08T13:08:21 IST" duration-ms="11269" status="PASS">
          <params>
            <param index="0">
              <value>
                <![CDATA[performance_glitch_user]]>
              </value>
            </param>
            <param index="1">
              <value>
                <![CDATA[secret_sauce]]>
              </value>
            </param>
          </params>
          <reporter-output>
          </reporter-output>
        </test-method> <!-- loginTest -->
      </class> <!-- testNG.DataProviderTest -->
    </test> <!-- Default test -->
  </suite> <!-- Default suite -->
</testng-results>
